Analysis & Synthesis report for ProjetoFinalSD_Semaforos
Wed Jun 28 11:05:30 2017
Quartus II 64-Bit Version 13.0.0 Build 156 04/24/2013 SJ Web Edition


---------------------
; Table of Contents ;
---------------------
  1. Legal Notice
  2. Analysis & Synthesis Summary
  3. Analysis & Synthesis Settings
  4. Parallel Compilation
  5. Analysis & Synthesis Source Files Read
  6. Analysis & Synthesis Resource Usage Summary
  7. Analysis & Synthesis Resource Utilization by Entity
  8. Analysis & Synthesis IP Cores Summary
  9. General Register Statistics
 10. Parameter Settings for User Entity Instance: lpm_compare4:inst8|lpm_compare:LPM_COMPARE_component
 11. Parameter Settings for User Entity Instance: lpm_counter1:inst4|lpm_counter:LPM_COUNTER_component
 12. Parameter Settings for User Entity Instance: lpm_compare7:inst11|lpm_compare:LPM_COMPARE_component
 13. Parameter Settings for User Entity Instance: lpm_compare0:inst1|lpm_compare:LPM_COMPARE_component
 14. Parameter Settings for User Entity Instance: lpm_counter0:inst|lpm_counter:LPM_COUNTER_component
 15. Parameter Settings for User Entity Instance: lpm_compare5:inst9|lpm_compare:LPM_COMPARE_component
 16. Parameter Settings for User Entity Instance: lpm_compare2:inst6|lpm_compare:LPM_COMPARE_component
 17. Parameter Settings for User Entity Instance: lpm_compare6:inst10|lpm_compare:LPM_COMPARE_component
 18. Elapsed Time Per Partition
 19. Analysis & Synthesis Messages



----------------
; Legal Notice ;
----------------
Copyright (C) 1991-2013 Altera Corporation
Your use of Altera Corporation's design tools, logic functions 
and other software and tools, and its AMPP partner logic 
functions, and any output files from any of the foregoing 
(including device programming or simulation files), and any 
associated documentation or information are expressly subject 
to the terms and conditions of the Altera Program License 
Subscription Agreement, Altera MegaCore Function License 
Agreement, or other applicable license agreement, including, 
without limitation, that your use is for the sole purpose of 
programming logic devices manufactured by Altera and sold by 
Altera or its authorized distributors.  Please refer to the 
applicable agreement for further details.



+---------------------------------------------------------------------------------+
; Analysis & Synthesis Summary                                                    ;
+------------------------------------+--------------------------------------------+
; Analysis & Synthesis Status        ; Successful - Wed Jun 28 11:05:30 2017      ;
; Quartus II 64-Bit Version          ; 13.0.0 Build 156 04/24/2013 SJ Web Edition ;
; Revision Name                      ; ProjetoFinalSD_Semaforos                   ;
; Top-level Entity Name              ; ProjetoFinalSD_Semaforos                   ;
; Family                             ; Cyclone II                                 ;
; Total logic elements               ; 82                                         ;
;     Total combinational functions  ; 81                                         ;
;     Dedicated logic registers      ; 41                                         ;
; Total registers                    ; 41                                         ;
; Total pins                         ; 8                                          ;
; Total virtual pins                 ; 0                                          ;
; Total memory bits                  ; 0                                          ;
; Embedded Multiplier 9-bit elements ; 0                                          ;
; Total PLLs                         ; 0                                          ;
+------------------------------------+--------------------------------------------+


+----------------------------------------------------------------------------------------------------------------------------------+
; Analysis & Synthesis Settings                                                                                                    ;
+----------------------------------------------------------------------------+--------------------------+--------------------------+
; Option                                                                     ; Setting                  ; Default Value            ;
+----------------------------------------------------------------------------+--------------------------+--------------------------+
; Device                                                                     ; EP2C35F672C6             ;                          ;
; Top-level entity name                                                      ; ProjetoFinalSD_Semaforos ; ProjetoFinalSD_Semaforos ;
; Family name                                                                ; Cyclone II               ; Cyclone IV GX            ;
; Use smart compilation                                                      ; Off                      ; Off                      ;
; Enable parallel Assembler and TimeQuest Timing Analyzer during compilation ; On                       ; On                       ;
; Enable compact report table                                                ; Off                      ; Off                      ;
; Restructure Multiplexers                                                   ; Auto                     ; Auto                     ;
; Create Debugging Nodes for IP Cores                                        ; Off                      ; Off                      ;
; Preserve fewer node names                                                  ; On                       ; On                       ;
; Disable OpenCore Plus hardware evaluation                                  ; Off                      ; Off                      ;
; Verilog Version                                                            ; Verilog_2001             ; Verilog_2001             ;
; VHDL Version                                                               ; VHDL_1993                ; VHDL_1993                ;
; State Machine Processing                                                   ; Auto                     ; Auto                     ;
; Safe State Machine                                                         ; Off                      ; Off                      ;
; Extract Verilog State Machines                                             ; On                       ; On                       ;
; Extract VHDL State Machines                                                ; On                       ; On                       ;
; Ignore Verilog initial constructs                                          ; Off                      ; Off                      ;
; Iteration limit for constant Verilog loops                                 ; 5000                     ; 5000                     ;
; Iteration limit for non-constant Verilog loops                             ; 250                      ; 250                      ;
; Add Pass-Through Logic to Inferred RAMs                                    ; On                       ; On                       ;
; Infer RAMs from Raw Logic                                                  ; On                       ; On                       ;
; Parallel Synthesis                                                         ; On                       ; On                       ;
; DSP Block Balancing                                                        ; Auto                     ; Auto                     ;
; NOT Gate Push-Back                                                         ; On                       ; On                       ;
; Power-Up Don't Care                                                        ; On                       ; On                       ;
; Remove Redundant Logic Cells                                               ; Off                      ; Off                      ;
; Remove Duplicate Registers                                                 ; On                       ; On                       ;
; Ignore CARRY Buffers                                                       ; Off                      ; Off                      ;
; Ignore CASCADE Buffers                                                     ; Off                      ; Off                      ;
; Ignore GLOBAL Buffers                                                      ; Off                      ; Off                      ;
; Ignore ROW GLOBAL Buffers                                                  ; Off                      ; Off                      ;
; Ignore LCELL Buffers                                                       ; Off                      ; Off                      ;
; Ignore SOFT Buffers                                                        ; On                       ; On                       ;
; Limit AHDL Integers to 32 Bits                                             ; Off                      ; Off                      ;
; Optimization Technique                                                     ; Balanced                 ; Balanced                 ;
; Carry Chain Length                                                         ; 70                       ; 70                       ;
; Auto Carry Chains                                                          ; On                       ; On                       ;
; Auto Open-Drain Pins                                                       ; On                       ; On                       ;
; Perform WYSIWYG Primitive Resynthesis                                      ; Off                      ; Off                      ;
; Auto ROM Replacement                                                       ; On                       ; On                       ;
; Auto RAM Replacement                                                       ; On                       ; On                       ;
; Auto Shift Register Replacement                                            ; Auto                     ; Auto                     ;
; Allow Shift Register Merging across Hierarchies                            ; Auto                     ; Auto                     ;
; Auto Clock Enable Replacement                                              ; On                       ; On                       ;
; Strict RAM Replacement                                                     ; Off                      ; Off                      ;
; Allow Synchronous Control Signals                                          ; On                       ; On                       ;
; Force Use of Synchronous Clear Signals                                     ; Off                      ; Off                      ;
; Auto RAM to Logic Cell Conversion                                          ; Off                      ; Off                      ;
; Auto Resource Sharing                                                      ; Off                      ; Off                      ;
; Allow Any RAM Size For Recognition                                         ; Off                      ; Off                      ;
; Allow Any ROM Size For Recognition                                         ; Off                      ; Off                      ;
; Allow Any Shift Register Size For Recognition                              ; Off                      ; Off                      ;
; Use LogicLock Constraints during Resource Balancing                        ; On                       ; On                       ;
; Ignore translate_off and synthesis_off directives                          ; Off                      ; Off                      ;
; Timing-Driven Synthesis                                                    ; Off                      ; Off                      ;
; Report Parameter Settings                                                  ; On                       ; On                       ;
; Report Source Assignments                                                  ; On                       ; On                       ;
; Report Connectivity Checks                                                 ; On                       ; On                       ;
; Ignore Maximum Fan-Out Assignments                                         ; Off                      ; Off                      ;
; Synchronization Register Chain Length                                      ; 2                        ; 2                        ;
; PowerPlay Power Optimization                                               ; Normal compilation       ; Normal compilation       ;
; HDL message level                                                          ; Level2                   ; Level2                   ;
; Suppress Register Optimization Related Messages                            ; Off                      ; Off                      ;
; Number of Removed Registers Reported in Synthesis Report                   ; 5000                     ; 5000                     ;
; Number of Swept Nodes Reported in Synthesis Report                         ; 5000                     ; 5000                     ;
; Number of Inverted Registers Reported in Synthesis Report                  ; 100                      ; 100                      ;
; Clock MUX Protection                                                       ; On                       ; On                       ;
; Auto Gated Clock Conversion                                                ; Off                      ; Off                      ;
; Block Design Naming                                                        ; Auto                     ; Auto                     ;
; SDC constraint protection                                                  ; Off                      ; Off                      ;
; Synthesis Effort                                                           ; Auto                     ; Auto                     ;
; Shift Register Replacement - Allow Asynchronous Clear Signal               ; On                       ; On                       ;
; Pre-Mapping Resynthesis Optimization                                       ; Off                      ; Off                      ;
; Analysis & Synthesis Message Level                                         ; Medium                   ; Medium                   ;
; Disable Register Merging Across Hierarchies                                ; Auto                     ; Auto                     ;
; Resource Aware Inference For Block RAM                                     ; On                       ; On                       ;
; Synthesis Seed                                                             ; 1                        ; 1                        ;
+----------------------------------------------------------------------------+--------------------------+--------------------------+


Parallel compilation was disabled, but you have multiple processors available. Enable parallel compilation to reduce compilation time.
+-------------------------------------+
; Parallel Compilation                ;
+----------------------------+--------+
; Processors                 ; Number ;
+----------------------------+--------+
; Number detected on machine ; 4      ;
; Maximum allowed            ; 1      ;
+----------------------------+--------+


+--------------------------------------------------------------------------------------------------------------------------------------------------------------------------------+
; Analysis & Synthesis Source Files Read                                                                                                                                         ;
+----------------------------------+-----------------+------------------------------------+----------------------------------------------------------------------------+---------+
; File Name with User-Entered Path ; Used in Netlist ; File Type                          ; File Name with Absolute Path                                               ; Library ;
+----------------------------------+-----------------+------------------------------------+----------------------------------------------------------------------------+---------+
; ProjetoFinalSD_Semaforos.bdf     ; yes             ; User Block Diagram/Schematic File  ; C:/Users/Aluno/Documents/paulo/Trabalho Final/ProjetoFinalSD_Semaforos.bdf ;         ;
; lpm_counter0.vhd                 ; yes             ; User Wizard-Generated File         ; C:/Users/Aluno/Documents/paulo/Trabalho Final/lpm_counter0.vhd             ;         ;
; lpm_compare0.vhd                 ; yes             ; User Wizard-Generated File         ; C:/Users/Aluno/Documents/paulo/Trabalho Final/lpm_compare0.vhd             ;         ;
; lpm_counter1.vhd                 ; yes             ; User Wizard-Generated File         ; C:/Users/Aluno/Documents/paulo/Trabalho Final/lpm_counter1.vhd             ;         ;
; lpm_compare2.vhd                 ; yes             ; User Wizard-Generated File         ; C:/Users/Aluno/Documents/paulo/Trabalho Final/lpm_compare2.vhd             ;         ;
; lpm_compare4.vhd                 ; yes             ; User Wizard-Generated File         ; C:/Users/Aluno/Documents/paulo/Trabalho Final/lpm_compare4.vhd             ;         ;
; lpm_compare5.vhd                 ; yes             ; User Wizard-Generated File         ; C:/Users/Aluno/Documents/paulo/Trabalho Final/lpm_compare5.vhd             ;         ;
; lpm_compare6.vhd                 ; yes             ; User Wizard-Generated File         ; C:/Users/Aluno/Documents/paulo/Trabalho Final/lpm_compare6.vhd             ;         ;
; lpm_compare7.vhd                 ; yes             ; User Wizard-Generated File         ; C:/Users/Aluno/Documents/paulo/Trabalho Final/lpm_compare7.vhd             ;         ;
; lpm_compare.tdf                  ; yes             ; Megafunction                       ; c:/altera/13.0/quartus/libraries/megafunctions/lpm_compare.tdf             ;         ;
; comptree.inc                     ; yes             ; Megafunction                       ; c:/altera/13.0/quartus/libraries/megafunctions/comptree.inc                ;         ;
; altshift.inc                     ; yes             ; Megafunction                       ; c:/altera/13.0/quartus/libraries/megafunctions/altshift.inc                ;         ;
; aglobal130.inc                   ; yes             ; Megafunction                       ; c:/altera/13.0/quartus/libraries/megafunctions/aglobal130.inc              ;         ;
; db/cmpr_acj.tdf                  ; yes             ; Auto-Generated Megafunction        ; C:/Users/Aluno/Documents/paulo/Trabalho Final/db/cmpr_acj.tdf              ;         ;
; lpm_counter.tdf                  ; yes             ; Megafunction                       ; c:/altera/13.0/quartus/libraries/megafunctions/lpm_counter.tdf             ;         ;
; lpm_constant.inc                 ; yes             ; Megafunction                       ; c:/altera/13.0/quartus/libraries/megafunctions/lpm_constant.inc            ;         ;
; lpm_decode.inc                   ; yes             ; Megafunction                       ; c:/altera/13.0/quartus/libraries/megafunctions/lpm_decode.inc              ;         ;
; lpm_add_sub.inc                  ; yes             ; Megafunction                       ; c:/altera/13.0/quartus/libraries/megafunctions/lpm_add_sub.inc             ;         ;
; cmpconst.inc                     ; yes             ; Megafunction                       ; c:/altera/13.0/quartus/libraries/megafunctions/cmpconst.inc                ;         ;
; lpm_compare.inc                  ; yes             ; Megafunction                       ; c:/altera/13.0/quartus/libraries/megafunctions/lpm_compare.inc             ;         ;
; lpm_counter.inc                  ; yes             ; Megafunction                       ; c:/altera/13.0/quartus/libraries/megafunctions/lpm_counter.inc             ;         ;
; dffeea.inc                       ; yes             ; Megafunction                       ; c:/altera/13.0/quartus/libraries/megafunctions/dffeea.inc                  ;         ;
; alt_counter_stratix.inc          ; yes             ; Megafunction                       ; c:/altera/13.0/quartus/libraries/megafunctions/alt_counter_stratix.inc     ;         ;
; db/cntr_q4i.tdf                  ; yes             ; Auto-Generated Megafunction        ; C:/Users/Aluno/Documents/paulo/Trabalho Final/db/cntr_q4i.tdf              ;         ;
; db/cmpr_5cj.tdf                  ; yes             ; Auto-Generated Megafunction        ; C:/Users/Aluno/Documents/paulo/Trabalho Final/db/cmpr_5cj.tdf              ;         ;
; db/cmpr_ccj.tdf                  ; yes             ; Auto-Generated Megafunction        ; C:/Users/Aluno/Documents/paulo/Trabalho Final/db/cmpr_ccj.tdf              ;         ;
; db/cntr_4lj.tdf                  ; yes             ; Auto-Generated Megafunction        ; C:/Users/Aluno/Documents/paulo/Trabalho Final/db/cntr_4lj.tdf              ;         ;
; db/cmpr_tdc.tdf                  ; yes             ; Auto-Generated Megafunction        ; C:/Users/Aluno/Documents/paulo/Trabalho Final/db/cmpr_tdc.tdf              ;         ;
; db/cmpr_59j.tdf                  ; yes             ; Auto-Generated Megafunction        ; C:/Users/Aluno/Documents/paulo/Trabalho Final/db/cmpr_59j.tdf              ;         ;
+----------------------------------+-----------------+------------------------------------+----------------------------------------------------------------------------+---------+


+-----------------------------------------------------+
; Analysis & Synthesis Resource Usage Summary         ;
+---------------------------------------------+-------+
; Resource                                    ; Usage ;
+---------------------------------------------+-------+
; Estimated Total logic elements              ; 82    ;
;                                             ;       ;
; Total combinational functions               ; 81    ;
; Logic element usage by number of LUT inputs ;       ;
;     -- 4 input functions                    ; 27    ;
;     -- 3 input functions                    ; 10    ;
;     -- <=2 input functions                  ; 44    ;
;                                             ;       ;
; Logic elements by mode                      ;       ;
;     -- normal mode                          ; 44    ;
;     -- arithmetic mode                      ; 37    ;
;                                             ;       ;
; Total registers                             ; 41    ;
;     -- Dedicated logic registers            ; 41    ;
;     -- I/O registers                        ; 0     ;
;                                             ;       ;
; I/O pins                                    ; 8     ;
; Embedded Multiplier 9-bit elements          ; 0     ;
; Maximum fan-out node                        ; ~GND  ;
; Maximum fan-out                             ; 38    ;
; Total fan-out                               ; 385   ;
; Average fan-out                             ; 2.96  ;
+---------------------------------------------+-------+


+---------------------------------------------------------------------------------------------------------------------------------------------------------------------------------------------------------------------------------------------------------------------------------------------+
; Analysis & Synthesis Resource Utilization by Entity                                                                                                                                                                                                                                         ;
+-------------------------------------------+-------------------+--------------+-------------+--------------+---------+-----------+------+--------------+----------------------------------------------------------------------------------------------------------------------+--------------+
; Compilation Hierarchy Node                ; LC Combinationals ; LC Registers ; Memory Bits ; DSP Elements ; DSP 9x9 ; DSP 18x18 ; Pins ; Virtual Pins ; Full Hierarchy Name                                                                                                  ; Library Name ;
+-------------------------------------------+-------------------+--------------+-------------+--------------+---------+-----------+------+--------------+----------------------------------------------------------------------------------------------------------------------+--------------+
; |ProjetoFinalSD_Semaforos                 ; 81 (8)            ; 41 (3)       ; 0           ; 0            ; 0       ; 0         ; 8    ; 0            ; |ProjetoFinalSD_Semaforos                                                                                            ;              ;
;    |lpm_compare0:inst1|                   ; 5 (0)             ; 0 (0)        ; 0           ; 0            ; 0       ; 0         ; 0    ; 0            ; |ProjetoFinalSD_Semaforos|lpm_compare0:inst1                                                                         ;              ;
;       |lpm_compare:LPM_COMPARE_component| ; 5 (0)             ; 0 (0)        ; 0           ; 0            ; 0       ; 0         ; 0    ; 0            ; |ProjetoFinalSD_Semaforos|lpm_compare0:inst1|lpm_compare:LPM_COMPARE_component                                       ;              ;
;          |cmpr_ccj:auto_generated|        ; 5 (5)             ; 0 (0)        ; 0           ; 0            ; 0       ; 0         ; 0    ; 0            ; |ProjetoFinalSD_Semaforos|lpm_compare0:inst1|lpm_compare:LPM_COMPARE_component|cmpr_ccj:auto_generated               ;              ;
;    |lpm_compare2:inst6|                   ; 7 (0)             ; 0 (0)        ; 0           ; 0            ; 0       ; 0         ; 0    ; 0            ; |ProjetoFinalSD_Semaforos|lpm_compare2:inst6                                                                         ;              ;
;       |lpm_compare:LPM_COMPARE_component| ; 7 (0)             ; 0 (0)        ; 0           ; 0            ; 0       ; 0         ; 0    ; 0            ; |ProjetoFinalSD_Semaforos|lpm_compare2:inst6|lpm_compare:LPM_COMPARE_component                                       ;              ;
;          |cmpr_acj:auto_generated|        ; 7 (7)             ; 0 (0)        ; 0           ; 0            ; 0       ; 0         ; 0    ; 0            ; |ProjetoFinalSD_Semaforos|lpm_compare2:inst6|lpm_compare:LPM_COMPARE_component|cmpr_acj:auto_generated               ;              ;
;    |lpm_compare4:inst8|                   ; 5 (0)             ; 0 (0)        ; 0           ; 0            ; 0       ; 0         ; 0    ; 0            ; |ProjetoFinalSD_Semaforos|lpm_compare4:inst8                                                                         ;              ;
;       |lpm_compare:LPM_COMPARE_component| ; 5 (0)             ; 0 (0)        ; 0           ; 0            ; 0       ; 0         ; 0    ; 0            ; |ProjetoFinalSD_Semaforos|lpm_compare4:inst8|lpm_compare:LPM_COMPARE_component                                       ;              ;
;          |cmpr_acj:auto_generated|        ; 5 (5)             ; 0 (0)        ; 0           ; 0            ; 0       ; 0         ; 0    ; 0            ; |ProjetoFinalSD_Semaforos|lpm_compare4:inst8|lpm_compare:LPM_COMPARE_component|cmpr_acj:auto_generated               ;              ;
;    |lpm_compare5:inst9|                   ; 7 (0)             ; 0 (0)        ; 0           ; 0            ; 0       ; 0         ; 0    ; 0            ; |ProjetoFinalSD_Semaforos|lpm_compare5:inst9                                                                         ;              ;
;       |lpm_compare:LPM_COMPARE_component| ; 7 (0)             ; 0 (0)        ; 0           ; 0            ; 0       ; 0         ; 0    ; 0            ; |ProjetoFinalSD_Semaforos|lpm_compare5:inst9|lpm_compare:LPM_COMPARE_component                                       ;              ;
;          |cmpr_acj:auto_generated|        ; 7 (7)             ; 0 (0)        ; 0           ; 0            ; 0       ; 0         ; 0    ; 0            ; |ProjetoFinalSD_Semaforos|lpm_compare5:inst9|lpm_compare:LPM_COMPARE_component|cmpr_acj:auto_generated               ;              ;
;    |lpm_compare6:inst10|                  ; 3 (0)             ; 0 (0)        ; 0           ; 0            ; 0       ; 0         ; 0    ; 0            ; |ProjetoFinalSD_Semaforos|lpm_compare6:inst10                                                                        ;              ;
;       |lpm_compare:LPM_COMPARE_component| ; 3 (0)             ; 0 (0)        ; 0           ; 0            ; 0       ; 0         ; 0    ; 0            ; |ProjetoFinalSD_Semaforos|lpm_compare6:inst10|lpm_compare:LPM_COMPARE_component                                      ;              ;
;          |cmpr_59j:auto_generated|        ; 3 (3)             ; 0 (0)        ; 0           ; 0            ; 0       ; 0         ; 0    ; 0            ; |ProjetoFinalSD_Semaforos|lpm_compare6:inst10|lpm_compare:LPM_COMPARE_component|cmpr_59j:auto_generated              ;              ;
;    |lpm_counter0:inst|                    ; 26 (0)            ; 18 (0)       ; 0           ; 0            ; 0       ; 0         ; 0    ; 0            ; |ProjetoFinalSD_Semaforos|lpm_counter0:inst                                                                          ;              ;
;       |lpm_counter:LPM_COUNTER_component| ; 26 (0)            ; 18 (0)       ; 0           ; 0            ; 0       ; 0         ; 0    ; 0            ; |ProjetoFinalSD_Semaforos|lpm_counter0:inst|lpm_counter:LPM_COUNTER_component                                        ;              ;
;          |cntr_4lj:auto_generated|        ; 26 (20)           ; 18 (18)      ; 0           ; 0            ; 0       ; 0         ; 0    ; 0            ; |ProjetoFinalSD_Semaforos|lpm_counter0:inst|lpm_counter:LPM_COUNTER_component|cntr_4lj:auto_generated                ;              ;
;             |cmpr_tdc:cmpr2|              ; 6 (6)             ; 0 (0)        ; 0           ; 0            ; 0       ; 0         ; 0    ; 0            ; |ProjetoFinalSD_Semaforos|lpm_counter0:inst|lpm_counter:LPM_COUNTER_component|cntr_4lj:auto_generated|cmpr_tdc:cmpr2 ;              ;
;    |lpm_counter1:inst4|                   ; 20 (0)            ; 20 (0)       ; 0           ; 0            ; 0       ; 0         ; 0    ; 0            ; |ProjetoFinalSD_Semaforos|lpm_counter1:inst4                                                                         ;              ;
;       |lpm_counter:LPM_COUNTER_component| ; 20 (0)            ; 20 (0)       ; 0           ; 0            ; 0       ; 0         ; 0    ; 0            ; |ProjetoFinalSD_Semaforos|lpm_counter1:inst4|lpm_counter:LPM_COUNTER_component                                       ;              ;
;          |cntr_q4i:auto_generated|        ; 20 (20)           ; 20 (20)      ; 0           ; 0            ; 0       ; 0         ; 0    ; 0            ; |ProjetoFinalSD_Semaforos|lpm_counter1:inst4|lpm_counter:LPM_COUNTER_component|cntr_q4i:auto_generated               ;              ;
+-------------------------------------------+-------------------+--------------+-------------+--------------+---------+-----------+------+--------------+----------------------------------------------------------------------------------------------------------------------+--------------+
Note: For table entries with two numbers listed, the numbers in parentheses indicate the number of resources of the given type used by the specific entity alone. The numbers listed outside of parentheses indicate the total resources of the given type used by the specific entity and all of its sub-entities in the hierarchy.


+--------------------------------------------------------------------------------------------------------------------------------------------------------------------------------+
; Analysis & Synthesis IP Cores Summary                                                                                                                                          ;
+--------+--------------+---------+--------------+--------------+-----------------------------------------------+----------------------------------------------------------------+
; Vendor ; IP Core Name ; Version ; Release Date ; License Type ; Entity Instance                               ; IP Include File                                                ;
+--------+--------------+---------+--------------+--------------+-----------------------------------------------+----------------------------------------------------------------+
; Altera ; LPM_COUNTER  ; 13.0    ; N/A          ; N/A          ; |ProjetoFinalSD_Semaforos|lpm_counter0:inst   ; C:/Users/Aluno/Documents/paulo/Trabalho Final/lpm_counter0.vhd ;
; Altera ; LPM_COMPARE  ; 13.0    ; N/A          ; N/A          ; |ProjetoFinalSD_Semaforos|lpm_compare0:inst1  ; C:/Users/Aluno/Documents/paulo/Trabalho Final/lpm_compare0.vhd ;
; Altera ; LPM_COUNTER  ; 13.0    ; N/A          ; N/A          ; |ProjetoFinalSD_Semaforos|lpm_counter1:inst4  ; C:/Users/Aluno/Documents/paulo/Trabalho Final/lpm_counter1.vhd ;
; Altera ; LPM_COMPARE  ; 13.0    ; N/A          ; N/A          ; |ProjetoFinalSD_Semaforos|lpm_compare2:inst6  ; C:/Users/Aluno/Documents/paulo/Trabalho Final/lpm_compare2.vhd ;
; Altera ; LPM_COMPARE  ; 13.0    ; N/A          ; N/A          ; |ProjetoFinalSD_Semaforos|lpm_compare4:inst8  ; C:/Users/Aluno/Documents/paulo/Trabalho Final/lpm_compare4.vhd ;
; Altera ; LPM_COMPARE  ; 13.0    ; N/A          ; N/A          ; |ProjetoFinalSD_Semaforos|lpm_compare5:inst9  ; C:/Users/Aluno/Documents/paulo/Trabalho Final/lpm_compare5.vhd ;
; Altera ; LPM_COMPARE  ; 13.0    ; N/A          ; N/A          ; |ProjetoFinalSD_Semaforos|lpm_compare6:inst10 ; C:/Users/Aluno/Documents/paulo/Trabalho Final/lpm_compare6.vhd ;
; Altera ; LPM_COMPARE  ; 13.0    ; N/A          ; N/A          ; |ProjetoFinalSD_Semaforos|lpm_compare7:inst11 ; C:/Users/Aluno/Documents/paulo/Trabalho Final/lpm_compare7.vhd ;
+--------+--------------+---------+--------------+--------------+-----------------------------------------------+----------------------------------------------------------------+


+------------------------------------------------------+
; General Register Statistics                          ;
+----------------------------------------------+-------+
; Statistic                                    ; Value ;
+----------------------------------------------+-------+
; Total registers                              ; 41    ;
; Number of registers using Synchronous Clear  ; 0     ;
; Number of registers using Synchronous Load   ; 38    ;
; Number of registers using Asynchronous Clear ; 0     ;
; Number of registers using Asynchronous Load  ; 0     ;
; Number of registers using Clock Enable       ; 0     ;
; Number of registers using Preset             ; 0     ;
+----------------------------------------------+-------+


+---------------------------------------------------------------------------------------------------+
; Parameter Settings for User Entity Instance: lpm_compare4:inst8|lpm_compare:LPM_COMPARE_component ;
+------------------------+------------+-------------------------------------------------------------+
; Parameter Name         ; Value      ; Type                                                        ;
+------------------------+------------+-------------------------------------------------------------+
; lpm_width              ; 20         ; Signed Integer                                              ;
; LPM_REPRESENTATION     ; UNSIGNED   ; Untyped                                                     ;
; LPM_PIPELINE           ; 0          ; Untyped                                                     ;
; CHAIN_SIZE             ; 8          ; Untyped                                                     ;
; ONE_INPUT_IS_CONSTANT  ; YES        ; Untyped                                                     ;
; CARRY_CHAIN            ; MANUAL     ; Untyped                                                     ;
; CASCADE_CHAIN          ; MANUAL     ; Untyped                                                     ;
; CARRY_CHAIN_LENGTH     ; 48         ; CARRY_CHAIN_LENGTH                                          ;
; CASCADE_CHAIN_LENGTH   ; 2          ; CASCADE_CHAIN_LENGTH                                        ;
; DEVICE_FAMILY          ; Cyclone II ; Untyped                                                     ;
; CBXI_PARAMETER         ; cmpr_acj   ; Untyped                                                     ;
; AUTO_CARRY_CHAINS      ; ON         ; AUTO_CARRY                                                  ;
; IGNORE_CARRY_BUFFERS   ; OFF        ; IGNORE_CARRY                                                ;
; AUTO_CASCADE_CHAINS    ; ON         ; AUTO_CASCADE                                                ;
; IGNORE_CASCADE_BUFFERS ; OFF        ; IGNORE_CASCADE                                              ;
+------------------------+------------+-------------------------------------------------------------+
Note: In order to hide this table in the UI and the text report file, please set the "Show Parameter Settings in Synthesis Report" option in "Analysis and Synthesis Settings -> More Settings" to "Off".


+---------------------------------------------------------------------------------------------------+
; Parameter Settings for User Entity Instance: lpm_counter1:inst4|lpm_counter:LPM_COUNTER_component ;
+------------------------+-------------+------------------------------------------------------------+
; Parameter Name         ; Value       ; Type                                                       ;
+------------------------+-------------+------------------------------------------------------------+
; AUTO_CARRY_CHAINS      ; ON          ; AUTO_CARRY                                                 ;
; IGNORE_CARRY_BUFFERS   ; OFF         ; IGNORE_CARRY                                               ;
; AUTO_CASCADE_CHAINS    ; ON          ; AUTO_CASCADE                                               ;
; IGNORE_CASCADE_BUFFERS ; OFF         ; IGNORE_CASCADE                                             ;
; LPM_WIDTH              ; 20          ; Signed Integer                                             ;
; LPM_DIRECTION          ; UP          ; Untyped                                                    ;
; LPM_MODULUS            ; 0           ; Untyped                                                    ;
; LPM_AVALUE             ; UNUSED      ; Untyped                                                    ;
; LPM_SVALUE             ; UNUSED      ; Untyped                                                    ;
; LPM_PORT_UPDOWN        ; PORT_UNUSED ; Untyped                                                    ;
; DEVICE_FAMILY          ; Cyclone II  ; Untyped                                                    ;
; CARRY_CHAIN            ; MANUAL      ; Untyped                                                    ;
; CARRY_CHAIN_LENGTH     ; 48          ; CARRY_CHAIN_LENGTH                                         ;
; NOT_GATE_PUSH_BACK     ; ON          ; NOT_GATE_PUSH_BACK                                         ;
; CARRY_CNT_EN           ; SMART       ; Untyped                                                    ;
; LABWIDE_SCLR           ; ON          ; Untyped                                                    ;
; USE_NEW_VERSION        ; TRUE        ; Untyped                                                    ;
; CBXI_PARAMETER         ; cntr_q4i    ; Untyped                                                    ;
+------------------------+-------------+------------------------------------------------------------+
Note: In order to hide this table in the UI and the text report file, please set the "Show Parameter Settings in Synthesis Report" option in "Analysis and Synthesis Settings -> More Settings" to "Off".


+----------------------------------------------------------------------------------------------------+
; Parameter Settings for User Entity Instance: lpm_compare7:inst11|lpm_compare:LPM_COMPARE_component ;
+------------------------+------------+--------------------------------------------------------------+
; Parameter Name         ; Value      ; Type                                                         ;
+------------------------+------------+--------------------------------------------------------------+
; lpm_width              ; 20         ; Signed Integer                                               ;
; LPM_REPRESENTATION     ; UNSIGNED   ; Untyped                                                      ;
; LPM_PIPELINE           ; 0          ; Untyped                                                      ;
; CHAIN_SIZE             ; 8          ; Untyped                                                      ;
; ONE_INPUT_IS_CONSTANT  ; YES        ; Untyped                                                      ;
; CARRY_CHAIN            ; MANUAL     ; Untyped                                                      ;
; CASCADE_CHAIN          ; MANUAL     ; Untyped                                                      ;
; CARRY_CHAIN_LENGTH     ; 48         ; CARRY_CHAIN_LENGTH                                           ;
; CASCADE_CHAIN_LENGTH   ; 2          ; CASCADE_CHAIN_LENGTH                                         ;
; DEVICE_FAMILY          ; Cyclone II ; Untyped                                                      ;
; CBXI_PARAMETER         ; cmpr_5cj   ; Untyped                                                      ;
; AUTO_CARRY_CHAINS      ; ON         ; AUTO_CARRY                                                   ;
; IGNORE_CARRY_BUFFERS   ; OFF        ; IGNORE_CARRY                                                 ;
; AUTO_CASCADE_CHAINS    ; ON         ; AUTO_CASCADE                                                 ;
; IGNORE_CASCADE_BUFFERS ; OFF        ; IGNORE_CASCADE                                               ;
+------------------------+------------+--------------------------------------------------------------+
Note: In order to hide this table in the UI and the text report file, please set the "Show Parameter Settings in Synthesis Report" option in "Analysis and Synthesis Settings -> More Settings" to "Off".


+---------------------------------------------------------------------------------------------------+
; Parameter Settings for User Entity Instance: lpm_compare0:inst1|lpm_compare:LPM_COMPARE_component ;
+------------------------+------------+-------------------------------------------------------------+
; Parameter Name         ; Value      ; Type                                                        ;
+------------------------+------------+-------------------------------------------------------------+
; lpm_width              ; 18         ; Signed Integer                                              ;
; LPM_REPRESENTATION     ; UNSIGNED   ; Untyped                                                     ;
; LPM_PIPELINE           ; 0          ; Untyped                                                     ;
; CHAIN_SIZE             ; 8          ; Untyped                                                     ;
; ONE_INPUT_IS_CONSTANT  ; YES        ; Untyped                                                     ;
; CARRY_CHAIN            ; MANUAL     ; Untyped                                                     ;
; CASCADE_CHAIN          ; MANUAL     ; Untyped                                                     ;
; CARRY_CHAIN_LENGTH     ; 48         ; CARRY_CHAIN_LENGTH                                          ;
; CASCADE_CHAIN_LENGTH   ; 2          ; CASCADE_CHAIN_LENGTH                                        ;
; DEVICE_FAMILY          ; Cyclone II ; Untyped                                                     ;
; CBXI_PARAMETER         ; cmpr_ccj   ; Untyped                                                     ;
; AUTO_CARRY_CHAINS      ; ON         ; AUTO_CARRY                                                  ;
; IGNORE_CARRY_BUFFERS   ; OFF        ; IGNORE_CARRY                                                ;
; AUTO_CASCADE_CHAINS    ; ON         ; AUTO_CASCADE                                                ;
; IGNORE_CASCADE_BUFFERS ; OFF        ; IGNORE_CASCADE                                              ;
+------------------------+------------+-------------------------------------------------------------+
Note: In order to hide this table in the UI and the text report file, please set the "Show Parameter Settings in Synthesis Report" option in "Analysis and Synthesis Settings -> More Settings" to "Off".


+--------------------------------------------------------------------------------------------------+
; Parameter Settings for User Entity Instance: lpm_counter0:inst|lpm_counter:LPM_COUNTER_component ;
+------------------------+-------------+-----------------------------------------------------------+
; Parameter Name         ; Value       ; Type                                                      ;
+------------------------+-------------+-----------------------------------------------------------+
; AUTO_CARRY_CHAINS      ; ON          ; AUTO_CARRY                                                ;
; IGNORE_CARRY_BUFFERS   ; OFF         ; IGNORE_CARRY                                              ;
; AUTO_CASCADE_CHAINS    ; ON          ; AUTO_CASCADE                                              ;
; IGNORE_CASCADE_BUFFERS ; OFF         ; IGNORE_CASCADE                                            ;
; LPM_WIDTH              ; 18          ; Signed Integer                                            ;
; LPM_DIRECTION          ; UP          ; Untyped                                                   ;
; LPM_MODULUS            ; 50000       ; Signed Integer                                            ;
; LPM_AVALUE             ; UNUSED      ; Untyped                                                   ;
; LPM_SVALUE             ; UNUSED      ; Untyped                                                   ;
; LPM_PORT_UPDOWN        ; PORT_UNUSED ; Untyped                                                   ;
; DEVICE_FAMILY          ; Cyclone II  ; Untyped                                                   ;
; CARRY_CHAIN            ; MANUAL      ; Untyped                                                   ;
; CARRY_CHAIN_LENGTH     ; 48          ; CARRY_CHAIN_LENGTH                                        ;
; NOT_GATE_PUSH_BACK     ; ON          ; NOT_GATE_PUSH_BACK                                        ;
; CARRY_CNT_EN           ; SMART       ; Untyped                                                   ;
; LABWIDE_SCLR           ; ON          ; Untyped                                                   ;
; USE_NEW_VERSION        ; TRUE        ; Untyped                                                   ;
; CBXI_PARAMETER         ; cntr_4lj    ; Untyped                                                   ;
+------------------------+-------------+-----------------------------------------------------------+
Note: In order to hide this table in the UI and the text report file, please set the "Show Parameter Settings in Synthesis Report" option in "Analysis and Synthesis Settings -> More Settings" to "Off".


+---------------------------------------------------------------------------------------------------+
; Parameter Settings for User Entity Instance: lpm_compare5:inst9|lpm_compare:LPM_COMPARE_component ;
+------------------------+------------+-------------------------------------------------------------+
; Parameter Name         ; Value      ; Type                                                        ;
+------------------------+------------+-------------------------------------------------------------+
; lpm_width              ; 20         ; Signed Integer                                              ;
; LPM_REPRESENTATION     ; UNSIGNED   ; Untyped                                                     ;
; LPM_PIPELINE           ; 0          ; Untyped                                                     ;
; CHAIN_SIZE             ; 8          ; Untyped                                                     ;
; ONE_INPUT_IS_CONSTANT  ; YES        ; Untyped                                                     ;
; CARRY_CHAIN            ; MANUAL     ; Untyped                                                     ;
; CASCADE_CHAIN          ; MANUAL     ; Untyped                                                     ;
; CARRY_CHAIN_LENGTH     ; 48         ; CARRY_CHAIN_LENGTH                                          ;
; CASCADE_CHAIN_LENGTH   ; 2          ; CASCADE_CHAIN_LENGTH                                        ;
; DEVICE_FAMILY          ; Cyclone II ; Untyped                                                     ;
; CBXI_PARAMETER         ; cmpr_acj   ; Untyped                                                     ;
; AUTO_CARRY_CHAINS      ; ON         ; AUTO_CARRY                                                  ;
; IGNORE_CARRY_BUFFERS   ; OFF        ; IGNORE_CARRY                                                ;
; AUTO_CASCADE_CHAINS    ; ON         ; AUTO_CASCADE                                                ;
; IGNORE_CASCADE_BUFFERS ; OFF        ; IGNORE_CASCADE                                              ;
+------------------------+------------+-------------------------------------------------------------+
Note: In order to hide this table in the UI and the text report file, please set the "Show Parameter Settings in Synthesis Report" option in "Analysis and Synthesis Settings -> More Settings" to "Off".


+---------------------------------------------------------------------------------------------------+
; Parameter Settings for User Entity Instance: lpm_compare2:inst6|lpm_compare:LPM_COMPARE_component ;
+------------------------+------------+-------------------------------------------------------------+
; Parameter Name         ; Value      ; Type                                                        ;
+------------------------+------------+-------------------------------------------------------------+
; lpm_width              ; 20         ; Signed Integer                                              ;
; LPM_REPRESENTATION     ; UNSIGNED   ; Untyped                                                     ;
; LPM_PIPELINE           ; 0          ; Untyped                                                     ;
; CHAIN_SIZE             ; 8          ; Untyped                                                     ;
; ONE_INPUT_IS_CONSTANT  ; YES        ; Untyped                                                     ;
; CARRY_CHAIN            ; MANUAL     ; Untyped                                                     ;
; CASCADE_CHAIN          ; MANUAL     ; Untyped                                                     ;
; CARRY_CHAIN_LENGTH     ; 48         ; CARRY_CHAIN_LENGTH                                          ;
; CASCADE_CHAIN_LENGTH   ; 2          ; CASCADE_CHAIN_LENGTH                                        ;
; DEVICE_FAMILY          ; Cyclone II ; Untyped                                                     ;
; CBXI_PARAMETER         ; cmpr_acj   ; Untyped                                                     ;
; AUTO_CARRY_CHAINS      ; ON         ; AUTO_CARRY                                                  ;
; IGNORE_CARRY_BUFFERS   ; OFF        ; IGNORE_CARRY                                                ;
; AUTO_CASCADE_CHAINS    ; ON         ; AUTO_CASCADE                                                ;
; IGNORE_CASCADE_BUFFERS ; OFF        ; IGNORE_CASCADE                                              ;
+------------------------+------------+-------------------------------------------------------------+
Note: In order to hide this table in the UI and the text report file, please set the "Show Parameter Settings in Synthesis Report" option in "Analysis and Synthesis Settings -> More Settings" to "Off".


+----------------------------------------------------------------------------------------------------+
; Parameter Settings for User Entity Instance: lpm_compare6:inst10|lpm_compare:LPM_COMPARE_component ;
+------------------------+------------+--------------------------------------------------------------+
; Parameter Name         ; Value      ; Type                                                         ;
+------------------------+------------+--------------------------------------------------------------+
; lpm_width              ; 20         ; Signed Integer                                               ;
; LPM_REPRESENTATION     ; UNSIGNED   ; Untyped                                                      ;
; LPM_PIPELINE           ; 0          ; Untyped                                                      ;
; CHAIN_SIZE             ; 8          ; Untyped                                                      ;
; ONE_INPUT_IS_CONSTANT  ; YES        ; Untyped                                                      ;
; CARRY_CHAIN            ; MANUAL     ; Untyped                                                      ;
; CASCADE_CHAIN          ; MANUAL     ; Untyped                                                      ;
; CARRY_CHAIN_LENGTH     ; 48         ; CARRY_CHAIN_LENGTH                                           ;
; CASCADE_CHAIN_LENGTH   ; 2          ; CASCADE_CHAIN_LENGTH                                         ;
; DEVICE_FAMILY          ; Cyclone II ; Untyped                                                      ;
; CBXI_PARAMETER         ; cmpr_59j   ; Untyped                                                      ;
; AUTO_CARRY_CHAINS      ; ON         ; AUTO_CARRY                                                   ;
; IGNORE_CARRY_BUFFERS   ; OFF        ; IGNORE_CARRY                                                 ;
; AUTO_CASCADE_CHAINS    ; ON         ; AUTO_CASCADE                                                 ;
; IGNORE_CASCADE_BUFFERS ; OFF        ; IGNORE_CASCADE                                               ;
+------------------------+------------+--------------------------------------------------------------+
Note: In order to hide this table in the UI and the text report file, please set the "Show Parameter Settings in Synthesis Report" option in "Analysis and Synthesis Settings -> More Settings" to "Off".


+-------------------------------+
; Elapsed Time Per Partition    ;
+----------------+--------------+
; Partition Name ; Elapsed Time ;
+----------------+--------------+
; Top            ; 00:00:00     ;
+----------------+--------------+


+-------------------------------+
; Analysis & Synthesis Messages ;
+-------------------------------+
Info: *******************************************************************
Info: Running Quartus II 64-Bit Analysis & Synthesis
    Info: Version 13.0.0 Build 156 04/24/2013 SJ Web Edition
    Info: Processing started: Wed Jun 28 11:05:27 2017
Info: Command: quartus_map --read_settings_files=on --write_settings_files=off ProjetoFinalSD_Semaforos -c ProjetoFinalSD_Semaforos
Warning (125092): Tcl Script File ../p3 v2/projetoSD1/lpm_compare11.qip not found
    Info (125063): set_global_assignment -name QIP_FILE "../p3 v2/projetoSD1/lpm_compare11.qip"
Warning (20028): Parallel compilation is not licensed and has been disabled
Info (12021): Found 1 design units, including 1 entities, in source file projetofinalsd_semaforos.bdf
    Info (12023): Found entity 1: ProjetoFinalSD_Semaforos
Info (12021): Found 2 design units, including 1 entities, in source file lpm_counter0.vhd
    Info (12022): Found design unit 1: lpm_counter0-SYN
    Info (12023): Found entity 1: lpm_counter0
Info (12021): Found 2 design units, including 1 entities, in source file lpm_compare0.vhd
    Info (12022): Found design unit 1: lpm_compare0-SYN
    Info (12023): Found entity 1: lpm_compare0
Info (12021): Found 2 design units, including 1 entities, in source file lpm_counter1.vhd
    Info (12022): Found design unit 1: lpm_counter1-SYN
    Info (12023): Found entity 1: lpm_counter1
Info (12021): Found 2 design units, including 1 entities, in source file lpm_compare2.vhd
    Info (12022): Found design unit 1: lpm_compare2-SYN
    Info (12023): Found entity 1: lpm_compare2
Info (12021): Found 2 design units, including 1 entities, in source file lpm_compare3.vhd
    Info (12022): Found design unit 1: lpm_compare3-SYN
    Info (12023): Found entity 1: lpm_compare3
Info (12021): Found 2 design units, including 1 entities, in source file lpm_compare4.vhd
    Info (12022): Found design unit 1: lpm_compare4-SYN
    Info (12023): Found entity 1: lpm_compare4
Info (12021): Found 2 design units, including 1 entities, in source file lpm_compare5.vhd
    Info (12022): Found design unit 1: lpm_compare5-SYN
    Info (12023): Found entity 1: lpm_compare5
Info (12021): Found 2 design units, including 1 entities, in source file lpm_compare6.vhd
    Info (12022): Found design unit 1: lpm_compare6-SYN
    Info (12023): Found entity 1: lpm_compare6
Info (12021): Found 2 design units, including 1 entities, in source file lpm_compare7.vhd
    Info (12022): Found design unit 1: lpm_compare7-SYN
    Info (12023): Found entity 1: lpm_compare7
Info (12127): Elaborating entity "ProjetoFinalSD_Semaforos" for the top level hierarchy
Warning (275008): Primitive "AND2" of instance "inst18" not used
Warning (275008): Primitive "OR2" of instance "inst22" not used
Info (12128): Elaborating entity "lpm_compare4" for hierarchy "lpm_compare4:inst8"
Info (12128): Elaborating entity "lpm_compare" for hierarchy "lpm_compare4:inst8|lpm_compare:LPM_COMPARE_component"
Info (12130): Elaborated megafunction instantiation "lpm_compare4:inst8|lpm_compare:LPM_COMPARE_component"
Info (12133): Instantiated megafunction "lpm_compare4:inst8|lpm_compare:LPM_COMPARE_component" with the following parameter:
    Info (12134): Parameter "lpm_hint" = "ONE_INPUT_IS_CONSTANT=YES"
    Info (12134): Parameter "lpm_representation" = "UNSIGNED"
    Info (12134): Parameter "lpm_type" = "LPM_COMPARE"
    Info (12134): Parameter "lpm_width" = "20"
Info (12021): Found 1 design units, including 1 entities, in source file db/cmpr_acj.tdf
    Info (12023): Found entity 1: cmpr_acj
Info (12128): Elaborating entity "cmpr_acj" for hierarchy "lpm_compare4:inst8|lpm_compare:LPM_COMPARE_component|cmpr_acj:auto_generated"
Info (12128): Elaborating entity "lpm_counter1" for hierarchy "lpm_counter1:inst4"
Info (12128): Elaborating entity "lpm_counter" for hierarchy "lpm_counter1:inst4|lpm_counter:LPM_COUNTER_component"
Info (12130): Elaborated megafunction instantiation "lpm_counter1:inst4|lpm_counter:LPM_COUNTER_component"
Info (12133): Instantiated megafunction "lpm_counter1:inst4|lpm_counter:LPM_COUNTER_component" with the following parameter:
    Info (12134): Parameter "lpm_direction" = "UP"
    Info (12134): Parameter "lpm_port_updown" = "PORT_UNUSED"
    Info (12134): Parameter "lpm_type" = "LPM_COUNTER"
    Info (12134): Parameter "lpm_width" = "20"
Info (12021): Found 1 design units, including 1 entities, in source file db/cntr_q4i.tdf
    Info (12023): Found entity 1: cntr_q4i
Info (12128): Elaborating entity "cntr_q4i" for hierarchy "lpm_counter1:inst4|lpm_counter:LPM_COUNTER_component|cntr_q4i:auto_generated"
Info (12128): Elaborating entity "lpm_compare7" for hierarchy "lpm_compare7:inst11"
Info (12128): Elaborating entity "lpm_compare" for hierarchy "lpm_compare7:inst11|lpm_compare:LPM_COMPARE_component"
Info (12130): Elaborated megafunction instantiation "lpm_compare7:inst11|lpm_compare:LPM_COMPARE_component"
Info (12133): Instantiated megafunction "lpm_compare7:inst11|lpm_compare:LPM_COMPARE_component" with the following parameter:
    Info (12134): Parameter "lpm_hint" = "ONE_INPUT_IS_CONSTANT=YES"
    Info (12134): Parameter "lpm_representation" = "UNSIGNED"
    Info (12134): Parameter "lpm_type" = "LPM_COMPARE"
    Info (12134): Parameter "lpm_width" = "20"
Info (12021): Found 1 design units, including 1 entities, in source file db/cmpr_5cj.tdf
    Info (12023): Found entity 1: cmpr_5cj
Info (12128): Elaborating entity "cmpr_5cj" for hierarchy "lpm_compare7:inst11|lpm_compare:LPM_COMPARE_component|cmpr_5cj:auto_generated"
Info (12128): Elaborating entity "lpm_compare0" for hierarchy "lpm_compare0:inst1"
Info (12128): Elaborating entity "lpm_compare" for hierarchy "lpm_compare0:inst1|lpm_compare:LPM_COMPARE_component"
Info (12130): Elaborated megafunction instantiation "lpm_compare0:inst1|lpm_compare:LPM_COMPARE_component"
Info (12133): Instantiated megafunction "lpm_compare0:inst1|lpm_compare:LPM_COMPARE_component" with the following parameter:
    Info (12134): Parameter "lpm_hint" = "ONE_INPUT_IS_CONSTANT=YES"
    Info (12134): Parameter "lpm_representation" = "UNSIGNED"
    Info (12134): Parameter "lpm_type" = "LPM_COMPARE"
    Info (12134): Parameter "lpm_width" = "18"
Info (12021): Found 1 design units, including 1 entities, in source file db/cmpr_ccj.tdf
    Info (12023): Found entity 1: cmpr_ccj
Info (12128): Elaborating entity "cmpr_ccj" for hierarchy "lpm_compare0:inst1|lpm_compare:LPM_COMPARE_component|cmpr_ccj:auto_generated"
Info (12128): Elaborating entity "lpm_counter0" for hierarchy "lpm_counter0:inst"
Info (12128): Elaborating entity "lpm_counter" for hierarchy "lpm_counter0:inst|lpm_counter:LPM_COUNTER_component"
Info (12130): Elaborated megafunction instantiation "lpm_counter0:inst|lpm_counter:LPM_COUNTER_component"
Info (12133): Instantiated megafunction "lpm_counter0:inst|lpm_counter:LPM_COUNTER_component" with the following parameter:
    Info (12134): Parameter "lpm_direction" = "UP"
    Info (12134): Parameter "lpm_modulus" = "50000"
    Info (12134): Parameter "lpm_port_updown" = "PORT_UNUSED"
    Info (12134): Parameter "lpm_type" = "LPM_COUNTER"
    Info (12134): Parameter "lpm_width" = "18"
Info (12021): Found 1 design units, including 1 entities, in source file db/cntr_4lj.tdf
    Info (12023): Found entity 1: cntr_4lj
Info (12128): Elaborating entity "cntr_4lj" for hierarchy "lpm_counter0:inst|lpm_counter:LPM_COUNTER_component|cntr_4lj:auto_generated"
Info (12021): Found 1 design units, including 1 entities, in source file db/cmpr_tdc.tdf
    Info (12023): Found entity 1: cmpr_tdc
Info (12128): Elaborating entity "cmpr_tdc" for hierarchy "lpm_counter0:inst|lpm_counter:LPM_COUNTER_component|cntr_4lj:auto_generated|cmpr_tdc:cmpr2"
Info (12128): Elaborating entity "lpm_compare5" for hierarchy "lpm_compare5:inst9"
Info (12128): Elaborating entity "lpm_compare" for hierarchy "lpm_compare5:inst9|lpm_compare:LPM_COMPARE_component"
Info (12130): Elaborated megafunction instantiation "lpm_compare5:inst9|lpm_compare:LPM_COMPARE_component"
Info (12133): Instantiated megafunction "lpm_compare5:inst9|lpm_compare:LPM_COMPARE_component" with the following parameter:
    Info (12134): Parameter "lpm_hint" = "ONE_INPUT_IS_CONSTANT=YES"
    Info (12134): Parameter "lpm_representation" = "UNSIGNED"
    Info (12134): Parameter "lpm_type" = "LPM_COMPARE"
    Info (12134): Parameter "lpm_width" = "20"
Info (12128): Elaborating entity "lpm_compare2" for hierarchy "lpm_compare2:inst6"
Info (12128): Elaborating entity "lpm_compare" for hierarchy "lpm_compare2:inst6|lpm_compare:LPM_COMPARE_component"
Info (12130): Elaborated megafunction instantiation "lpm_compare2:inst6|lpm_compare:LPM_COMPARE_component"
Info (12133): Instantiated megafunction "lpm_compare2:inst6|lpm_compare:LPM_COMPARE_component" with the following parameter:
    Info (12134): Parameter "lpm_hint" = "ONE_INPUT_IS_CONSTANT=YES"
    Info (12134): Parameter "lpm_representation" = "UNSIGNED"
    Info (12134): Parameter "lpm_type" = "LPM_COMPARE"
    Info (12134): Parameter "lpm_width" = "20"
Info (12128): Elaborating entity "lpm_compare6" for hierarchy "lpm_compare6:inst10"
Info (12128): Elaborating entity "lpm_compare" for hierarchy "lpm_compare6:inst10|lpm_compare:LPM_COMPARE_component"
Info (12130): Elaborated megafunction instantiation "lpm_compare6:inst10|lpm_compare:LPM_COMPARE_component"
Info (12133): Instantiated megafunction "lpm_compare6:inst10|lpm_compare:LPM_COMPARE_component" with the following parameter:
    Info (12134): Parameter "lpm_hint" = "ONE_INPUT_IS_CONSTANT=YES"
    Info (12134): Parameter "lpm_representation" = "UNSIGNED"
    Info (12134): Parameter "lpm_type" = "LPM_COMPARE"
    Info (12134): Parameter "lpm_width" = "20"
Info (12021): Found 1 design units, including 1 entities, in source file db/cmpr_59j.tdf
    Info (12023): Found entity 1: cmpr_59j
Info (12128): Elaborating entity "cmpr_59j" for hierarchy "lpm_compare6:inst10|lpm_compare:LPM_COMPARE_component|cmpr_59j:auto_generated"
Info (16010): Generating hard_block partition "hard_block:auto_generated_inst"
    Info (16011): Adding 0 node(s), including 0 DDIO, 0 PLL, 0 transceiver and 0 LCELL
Info (21057): Implemented 90 device resources after synthesis - the final resource count might be different
    Info (21058): Implemented 2 input pins
    Info (21059): Implemented 6 output pins
    Info (21061): Implemented 82 logic cells
Info: Quartus II 64-Bit Analysis & Synthesis was successful. 0 errors, 4 warnings
    Info: Peak virtual memory: 495 megabytes
    Info: Processing ended: Wed Jun 28 11:05:30 2017
    Info: Elapsed time: 00:00:03
    Info: Total CPU time (on all processors): 00:00:03


